CleanArchitectureStudy/presentaion/build/intermediates/manifest_merge_blame_file/debug/manifest-merger-blame-debug-report.txt
1<?xml version="1.0" encoding="utf-8"?>
2<manifest xmlns:android="http://schemas.android.com/apk/res/android"
3    package="com.example.cleanarchitecturestudy" >
4
5    <uses-sdk
6        android:minSdkVersion="23"
6-->src\main\AndroidManifest.xml
7        android:targetSdkVersion="28" />
7-->[androidx.fragment:fragment-ktx:1.2.5] AndroidManifest.xml:22:9-38
8
9    <uses-permission android:name="android.permission.ACCESS_NETWORK_STATE" />
9-->src\main\AndroidManifest.xml:5:5-79
9-->src\main\AndroidManifest.xml:5:22-76
10    <uses-permission android:name="android.permission.INTERNET" />
10-->src\main\AndroidManifest.xml:6:5-67
10-->src\main\AndroidManifest.xml:6:22-64
11
12    <application
12-->src\main\AndroidManifest.xml:8:5-31:19
13        android:name="com.example.cleanarchitecturestudy.di.KoinApplication"
13-->src\main\AndroidManifest.xml:9:9-43
14        android:allowBackup="true"
14-->src\main\AndroidManifest.xml:10:9-35
15        android:appComponentFactory="androidx.core.app.CoreComponentFactory"
15-->[androidx.core:core:1.7.0] AndroidManifest.xml:24:18-86
16        android:debuggable="true"
17        android:extractNativeLibs="false"
18        android:icon="@mipmap/ic_launcher"
18-->src\main\AndroidManifest.xml:11:9-43
19        android:label="@string/app_name"
19-->src\main\AndroidManifest.xml:12:9-41
20        android:roundIcon="@mipmap/ic_launcher_round"
20-->src\main\AndroidManifest.xml:13:9-54
21        android:supportsRtl="true"
21-->src\main\AndroidManifest.xml:14:9-35
22        android:theme="@style/Theme.CleanArchitectureStudy" >
22-->src\main\AndroidManifest.xml:15:9-60
23
24        <!--
25        android12 (sdkVersion 31) 로 올라오면서,
26        외부 응용 프로그램에서 실행될 수 있는지 여부를 확인하는 exported 명시적 선언이 필요함. 기존에는 이 값이 자동 적용되었던 부분이다.
27        다른 애플리케이션에서 해당 액티비티를 시작할 수 있으면 true, 없으면 false 로 선언한다.
28        앱을 최초 실행하는 Main(LAUNCHER) 의 경우 false 로 설정하게 되면 앱 아이콘 클릭 시 앱이 실행되지 않는다.
29        -->
30        <activity
30-->src\main\AndroidManifest.xml:20:9-26:20
31            android:name="com.example.cleanarchitecturestudy.view.MainActivity"
31-->src\main\AndroidManifest.xml:20:19-52
32            android:exported="true" >
32-->src\main\AndroidManifest.xml:21:13-36
33            <intent-filter>
33-->src\main\AndroidManifest.xml:22:13-25:29
34                <action android:name="android.intent.action.MAIN" />
34-->src\main\AndroidManifest.xml:23:17-69
34-->src\main\AndroidManifest.xml:23:25-66
35
36                <category android:name="android.intent.category.LAUNCHER" />
36-->src\main\AndroidManifest.xml:24:17-77
36-->src\main\AndroidManifest.xml:24:27-74
37            </intent-filter>
38        </activity>
39        <activity
39-->src\main\AndroidManifest.xml:28:9-30:39
40            android:name="com.example.cleanarchitecturestudy.view.search.MovieSearchActivity"
40-->src\main\AndroidManifest.xml:28:19-66
41            android:exported="false"
41-->src\main\AndroidManifest.xml:30:13-37
42            android:windowSoftInputMode="adjustNothing" />
42-->src\main\AndroidManifest.xml:29:13-56
43
44        <service
44-->[androidx.room:room-runtime:2.4.1] AndroidManifest.xml:25:9-28:40
45            android:name="androidx.room.MultiInstanceInvalidationService"
45-->[androidx.room:room-runtime:2.4.1] AndroidManifest.xml:26:13-74
46            android:directBootAware="true"
46-->[androidx.room:room-runtime:2.4.1] AndroidManifest.xml:27:13-43
47            android:exported="false" />
47-->[androidx.room:room-runtime:2.4.1] AndroidManifest.xml:28:13-37
48
49        <provider
49-->[androidx.emoji2:emoji2:1.0.0] AndroidManifest.xml:26:9-34:20
50            android:name="androidx.startup.InitializationProvider"
50-->[androidx.emoji2:emoji2:1.0.0] AndroidManifest.xml:27:13-67
51            android:authorities="com.example.cleanarchitecturestudy.androidx-startup"
51-->[androidx.emoji2:emoji2:1.0.0] AndroidManifest.xml:28:13-68
52            android:exported="false" >
52-->[androidx.emoji2:emoji2:1.0.0] AndroidManifest.xml:29:13-37
53            <meta-data
53-->[androidx.emoji2:emoji2:1.0.0] AndroidManifest.xml:31:13-33:52
54                android:name="androidx.emoji2.text.EmojiCompatInitializer"
54-->[androidx.emoji2:emoji2:1.0.0] AndroidManifest.xml:32:17-75
55                android:value="androidx.startup" />
55-->[androidx.emoji2:emoji2:1.0.0] AndroidManifest.xml:33:17-49
56            <meta-data
56-->[androidx.lifecycle:lifecycle-process:2.4.0] AndroidManifest.xml:31:13-33:52
57                android:name="androidx.lifecycle.ProcessLifecycleInitializer"
57-->[androidx.lifecycle:lifecycle-process:2.4.0] AndroidManifest.xml:32:17-78
58                android:value="androidx.startup" />
58-->[androidx.lifecycle:lifecycle-process:2.4.0] AndroidManifest.xml:33:17-49
59        </provider>
60    </application>
61
62</manifest>